Arguments: 
  D:\Program Files\nodejs\node.exe D:\Program Files\Yarn\bin\yarn.js publish

PATH: 
  C:\Program Files\Git\mingw64\bin;C:\Program Files\Git\usr\bin;C:\Users\33318\bin;C:\Program Files (x86)\Common Files\NetSarang;C:\ProgramData\Oracle\Java\javapath;C:\Users\33318\AppData\Local\Programs\Python\Python36\Scripts;C:\Users\33318\AppData\Local\Programs\Python\Python36;C:\Windows\system32;C:\Windows;C:\Windows\System32\Wbem;C:\Windows\System32\WindowsPowerShell\v1.0;C:\Program Files (x86)\NVIDIA Corporation\PhysX\Common;C:\Program Files\Intel\WiFi\bin;C:\Program Files\Common Files\Intel\WirelessCommon;C:\WINDOWS\system32;C:\WINDOWS;C:\WINDOWS\System32\Wbem;C:\WINDOWS\System32\WindowsPowerShell\v1.0;D:\Program Files\Yarn\bin;C:\ProgramData\chocolatey\bin;C:\Users\33318\AppData\Local\Android\sdk\platform-tools;C:\Users\33318\AppData\Local\Android\sdk\tools;D:\Program Files\nodejs;D:\Go\bin;C:\Program Files\Git\cmd;D:\Program Files (x86)\Bitvise SSH Client;D:\mygo\bin;C:\Program Files\MongoDB\Server\3.4\bin;C:\Users\33318\AppData\Local\Yarn\bin;D:\WWW\mongodb\nvmw;C:\Users\33318\AppData\Local\Android\sdk\tools;C:\Users\33318\AppData\Local\Android\sdk\platform-tools;C:\Users\33318\AppData\Local\.meteor;C:\Users\33318\AppData\Roaming\npm;.;D:\tomcat8\lib;D:\tomcat8\bin";D:\Program Files\Microsoft VS Code\bin

Yarn version: 
  0.27.5

Node version: 
  9.7.1

Platform: 
  win32 x64

npm manifest: 
  {
    "name": "@pengliheng/github-report",
    "version": "1.0.1",
    "description": "generate a github report",
    "main": "Github.jsx",
    "scripts": {
      "test": "echo \"Error: no test specified\" && exit 1"
    },
    "author": "pengliheng",
    "license": "ISC"
  }

yarn manifest: 
  No manifest

Lockfile: 
  No lockfile

Trace: 
  Error: https://registry.npmjs.org/@pengliheng%2fgithub-report: You must sign up for private packages
      at Request.params.callback [as _callback] (D:\Program Files\Yarn\lib\yarn-cli.js:58200:18)
      at Request.self.callback (D:\Program Files\Yarn\lib\yarn-cli.js:114242:22)
      at Request.emit (events.js:127:13)
      at Request.<anonymous> (D:\Program Files\Yarn\lib\yarn-cli.js:115225:10)
      at Request.emit (events.js:127:13)
      at IncomingMessage.<anonymous> (D:\Program Files\Yarn\lib\yarn-cli.js:115145:12)
      at Object.onceWrapper (events.js:219:13)
      at IncomingMessage.emit (events.js:132:15)
      at endReadableNT (_stream_readable.js:1101:12)
      at process._tickCallback (internal/process/next_tick.js:114:19)
